# JRE version: Java(TM) SE Runtime Environment (8.0_91-b14) (build 1.8.0_91-b14)
# Java VM: Java HotSpot(TM) 64-Bit Server VM (25.91-b14 mixed mode linux-amd64 compressed oops)
Heap:
 PSYoungGen      total 232960K, used 19912K [0x00000000eab00000, 0x0000000100000000, 0x0000000100000000)
  eden space 116736K, 5% used [0x00000000eab00000,0x00000000eb101518,0x00000000f1d00000)
  from space 116224K, 11% used [0x00000000f8e80000,0x00000000f9bf0ce0,0x0000000100000000)
  to   space 116224K, 0% used [0x00000000f1d00000,0x00000000f1d00000,0x00000000f8e80000)
 ParOldGen       total 473088K, used 341803K [0x00000000c0000000, 0x00000000dce00000, 0x00000000eab00000)
  object space 473088K, 72% used [0x00000000c0000000,0x00000000d4dcae20,0x00000000dce00000)
 Metaspace       used 6862K, capacity 7576K, committed 7936K, reserved 1056768K
  class space    used 629K, capacity 656K, committed 768K, reserved 1048576K
GC Heap History (10 events):
Event: 32.839 GC heap before
{Heap before GC invocations=15 (full 3):
 PSYoungGen      total 232960K, used 116736K [0x00000000eab00000, 0x0000000100000000, 0x0000000100000000)
  eden space 116736K, 100% used [0x00000000eab00000,0x00000000f1d00000,0x00000000f1d00000)
  from space 116224K, 0% used [0x00000000f1d00000,0x00000000f1d00000,0x00000000f8e80000)
  to   space 116224K, 0% used [0x00000000f8e80000,0x00000000f8e80000,0x0000000100000000)
 ParOldGen       total 473088K, used 236492K [0x00000000c0000000, 0x00000000dce00000, 0x00000000eab00000)
  object space 473088K, 49% used [0x00000000c0000000,0x00000000ce6f32f0,0x00000000dce00000)
 Metaspace       used 6451K, capacity 7256K, committed 7424K, reserved 1056768K
  class space    used 612K, capacity 656K, committed 768K, reserved 1048576K
Event: 32.928 GC heap after
Heap after GC invocations=15 (full 3):
 PSYoungGen      total 232960K, used 18015K [0x00000000eab00000, 0x0000000100000000, 0x0000000100000000)
  eden space 116736K, 0% used [0x00000000eab00000,0x00000000eab00000,0x00000000f1d00000)
  from space 116224K, 15% used [0x00000000f8e80000,0x00000000fa017d48,0x0000000100000000)
  to   space 116224K, 0% used [0x00000000f1d00000,0x00000000f1d00000,0x00000000f8e80000)
 ParOldGen       total 473088K, used 236492K [0x00000000c0000000, 0x00000000dce00000, 0x00000000eab00000)
  object space 473088K, 49% used [0x00000000c0000000,0x00000000ce6f32f0,0x00000000dce00000)
 Metaspace       used 6451K, capacity 7256K, committed 7424K, reserved 1056768K
  class space    used 612K, capacity 656K, committed 768K, reserved 1048576K
}
Event: 33.819 GC heap before
{Heap before GC invocations=16 (full 3):
 PSYoungGen      total 232960K, used 134751K [0x00000000eab00000, 0x0000000100000000, 0x0000000100000000)
  eden space 116736K, 100% used [0x00000000eab00000,0x00000000f1d00000,0x00000000f1d00000)
  from space 116224K, 15% used [0x00000000f8e80000,0x00000000fa017d48,0x0000000100000000)
  to   space 116224K, 0% used [0x00000000f1d00000,0x00000000f1d00000,0x00000000f8e80000)
 ParOldGen       total 473088K, used 236492K [0x00000000c0000000, 0x00000000dce00000, 0x00000000eab00000)
  object space 473088K, 49% used [0x00000000c0000000,0x00000000ce6f32f0,0x00000000dce00000)
 Metaspace       used 6460K, capacity 7256K, committed 7424K, reserved 1056768K
  class space    used 612K, capacity 656K, committed 768K, reserved 1048576K
Event: 34.097 GC heap after
Heap after GC invocations=16 (full 3):
 PSYoungGen      total 232960K, used 40278K [0x00000000eab00000, 0x0000000100000000, 0x0000000100000000)
  eden space 116736K, 0% used [0x00000000eab00000,0x00000000eab00000,0x00000000f1d00000)
  from space 116224K, 34% used [0x00000000f1d00000,0x00000000f4455810,0x00000000f8e80000)
  to   space 116224K, 0% used [0x00000000f8e80000,0x00000000f8e80000,0x0000000100000000)
 ParOldGen       total 473088K, used 250916K [0x00000000c0000000, 0x00000000dce00000, 0x00000000eab00000)
  object space 473088K, 53% used [0x00000000c0000000,0x00000000cf5090a0,0x00000000dce00000)
 Metaspace       used 6460K, capacity 7256K, committed 7424K, reserved 1056768K
  class space    used 612K, capacity 656K, committed 768K, reserved 1048576K
}
Event: 35.369 GC heap before
{Heap before GC invocations=17 (full 3):
 PSYoungGen      total 232960K, used 157014K [0x00000000eab00000, 0x0000000100000000, 0x0000000100000000)
  eden space 116736K, 100% used [0x00000000eab00000,0x00000000f1d00000,0x00000000f1d00000)
  from space 116224K, 34% used [0x00000000f1d00000,0x00000000f4455810,0x00000000f8e80000)
  to   space 116224K, 0% used [0x00000000f8e80000,0x00000000f8e80000,0x0000000100000000)
 ParOldGen       total 473088K, used 250916K [0x00000000c0000000, 0x00000000dce00000, 0x00000000eab00000)
  object space 473088K, 53% used [0x00000000c0000000,0x00000000cf5090a0,0x00000000dce00000)
 Metaspace       used 6475K, capacity 7256K, committed 7424K, reserved 1056768K
  class space    used 614K, capacity 656K, committed 768K, reserved 1048576K
Event: 35.580 GC heap after
Heap after GC invocations=17 (full 3):
 PSYoungGen      total 232960K, used 33039K [0x00000000eab00000, 0x0000000100000000, 0x0000000100000000)
  eden space 116736K, 0% used [0x00000000eab00000,0x00000000eab00000,0x00000000f1d00000)
  from space 116224K, 28% used [0x00000000f8e80000,0x00000000faec3e80,0x0000000100000000)
  to   space 116224K, 0% used [0x00000000f1d00000,0x00000000f1d00000,0x00000000f8e80000)
 ParOldGen       total 473088K, used 288291K [0x00000000c0000000, 0x00000000dce00000, 0x00000000eab00000)
  object space 473088K, 60% used [0x00000000c0000000,0x00000000d1988c10,0x00000000dce00000)
 Metaspace       used 6475K, capacity 7256K, committed 7424K, reserved 1056768K
  class space    used 614K, capacity 656K, committed 768K, reserved 1048576K
}
Event: 36.243 GC heap before
{Heap before GC invocations=18 (full 3):
 PSYoungGen      total 232960K, used 149775K [0x00000000eab00000, 0x0000000100000000, 0x0000000100000000)
  eden space 116736K, 100% used [0x00000000eab00000,0x00000000f1d00000,0x00000000f1d00000)
  from space 116224K, 28% used [0x00000000f8e80000,0x00000000faec3e80,0x0000000100000000)
  to   space 116224K, 0% used [0x00000000f1d00000,0x00000000f1d00000,0x00000000f8e80000)
 ParOldGen       total 473088K, used 288291K [0x00000000c0000000, 0x00000000dce00000, 0x00000000eab00000)
  object space 473088K, 60% used [0x00000000c0000000,0x00000000d1988c10,0x00000000dce00000)
 Metaspace       used 6475K, capacity 7256K, committed 7424K, reserved 1056768K
  class space    used 614K, capacity 656K, committed 768K, reserved 1048576K
Event: 36.461 GC heap after
Heap after GC invocations=18 (full 3):
 PSYoungGen      total 232960K, used 55645K [0x00000000eab00000, 0x0000000100000000, 0x0000000100000000)
  eden space 116736K, 0% used [0x00000000eab00000,0x00000000eab00000,0x00000000f1d00000)
  from space 116224K, 47% used [0x00000000f1d00000,0x00000000f5357530,0x00000000f8e80000)
  to   space 116224K, 0% used [0x00000000f8e80000,0x00000000f8e80000,0x0000000100000000)
 ParOldGen       total 473088K, used 321593K [0x00000000c0000000, 0x00000000dce00000, 0x00000000eab00000)
  object space 473088K, 67% used [0x00000000c0000000,0x00000000d3a0e6a0,0x00000000dce00000)
 Metaspace       used 6475K, capacity 7256K, committed 7424K, reserved 1056768K
  class space    used 614K, capacity 656K, committed 768K, reserved 1048576K
}
Event: 45.943 GC heap before
{Heap before GC invocations=19 (full 3):
 PSYoungGen      total 232960K, used 172381K [0x00000000eab00000, 0x0000000100000000, 0x0000000100000000)
  eden space 116736K, 100% used [0x00000000eab00000,0x00000000f1d00000,0x00000000f1d00000)
  from space 116224K, 47% used [0x00000000f1d00000,0x00000000f5357530,0x00000000f8e80000)
  to   space 116224K, 0% used [0x00000000f8e80000,0x00000000f8e80000,0x0000000100000000)
 ParOldGen       total 473088K, used 321593K [0x00000000c0000000, 0x00000000dce00000, 0x00000000eab00000)
  object space 473088K, 67% used [0x00000000c0000000,0x00000000d3a0e6a0,0x00000000dce00000)
 Metaspace       used 6782K, capacity 7512K, committed 7680K, reserved 1056768K
  class space    used 628K, capacity 656K, committed 768K, reserved 1048576K
Event: 46.065 GC heap after
Heap after GC invocations=19 (full 3):
 PSYoungGen      total 232960K, used 13763K [0x00000000eab00000, 0x0000000100000000, 0x0000000100000000)
  eden space 116736K, 0% used [0x00000000eab00000,0x00000000eab00000,0x00000000f1d00000)
  from space 116224K, 11% used [0x00000000f8e80000,0x00000000f9bf0ce0,0x0000000100000000)
  to   space 116224K, 0% used [0x00000000f1d00000,0x00000000f1d00000,0x00000000f8e80000)
 ParOldGen       total 473088K, used 341803K [0x00000000c0000000, 0x00000000dce00000, 0x00000000eab00000)
  object space 473088K, 72% used [0x00000000c0000000,0x00000000d4dcae20,0x00000000dce00000)
 Metaspace       used 6782K, capacity 7512K, committed 7680K, reserved 1056768K
  class space    used 628K, capacity 656K, committed 768K, reserved 1048576K
}

